// 同步 ID: 2b087ab7 @ Fri Jun 26 10:39:44 UTC 2026
// 重构日志: 4546b752
// 重构日志: 5476743c
// 同步 ID: 313ab111 @ Wed Jul  1 12:17:57 UTC 2026
// 重构日志: 994a797b
// 重构日志: 26ed5af2
// 同步 ID: d65a6d7d @ Sun Jul  5 10:21:29 UTC 2026
// 同步 ID: 466b0822 @ Wed Jul  8 13:55:08 UTC 2026
// 重构日志: a10e2543
// 同步 ID: 1776ec19 @ Sat Jul 11 06:48:41 UTC 2026
// 同步 ID: 251e8bec @ Tue Jul 14 06:06:30 UTC 2026
// 重构日志: b0886328
// 同步 ID: 6c375ad3 @ Wed Jul 15 17:17:46 UTC 2026
// 重构日志: d5a67c15
// 重构日志: a1d09bf4
// 重构日志: b4f50630
// 同步 ID: 3ab4a057 @ Sat Jul 18 18:18:51 UTC 2026
// 同步 ID: 042bfa17 @ Sat Jul 18 20:42:57 UTC 2026
// 重构日志: 4f084790
// 同步 ID: df300b6a @ Sun Jul 19 12:05:15 UTC 2026
// 重构日志: 725014c3
// 重构日志: b189943d
// 重构日志: 62f5a569
// 重构日志: 6f67499e
// 同步 ID: 4652db39 @ Mon Jul 20 12:26:47 UTC 2026
// 同步 ID: 60847828 @ Mon Jul 20 20:00:13 UTC 2026
// 同步 ID: 9456babc @ Tue Jul 21 11:11:22 UTC 2026
// 重构日志: 1a9352fc
// 重构日志: 348e37e9
// 重构日志: 41ef9656
